1. at CamLaserCalibraTool/CMakeLists.txt:37 (find_package):
  By not providing "FindCeres.cmake" in CMAKE_MODULE_PATH this project has
  asked CMake to find a package configuration file provided by "Ceres", but
  CMake did not find one.

   P: need to install ceres 
   S: # install dependencies
        # CMake
        sudo apt-get install cmake
        # google-glog + gflags
        sudo apt-get install libgoogle-glog-dev libgflags-dev
        # BLAS & LAPACK
        sudo apt-get install libatlas-base-dev
        # Eigen3
        sudo apt-get install libeigen3-dev
        # SuiteSparse and CXSparse (optional)
        sudo apt-get install libsuitesparse-dev
        
        # add the following PPA:
        sudo add-apt-repository ppa:bzindovic/suitesparse-bugfix-1319687

        # install ceres(the newest version) 
        # if you install lastest version, there will have some library problem when you catkin lasercam_ws 
        git clone https://ceres-solver.googlesource.com/ceres-solver
        cd ceres-solver
        mkdir ceres-bin
        cd ceres-bin
        cmake ..
        make
        make test
        sudo make install

        # recommand to install cere 1.14.0
        wget ceres-solver.org/ceres-solver-1.14.0.tar.gz
        tar xvf ceres-solver-1.14.0.tar.gz 
        cd ceres-solver-1.14.0/
        mkdir build
        cd build
        cmake ..
        make -j4
        make test
        sudo make install

2. E: The repository 'http://ppa.launchpad.net/bzindovic/suitesparse-bugfix-1319687/ubuntu bionic Release' does not have a Release file.
   R: ppa version is too old 
   S: # clean the previous ppa
      sudo add-apt-repository -r ppa:bzindovic/suitesparse-bugfix-1319687
      sudo apt update

      # go to https://github.com/jluttine/suitesparse 
      # git clone https://github.com/jluttine/suitesparse.git
      # cd suitesparse

      git clone https://github.com/DrTimothyAldenDavis/SuiteSparse.git
      cd SuiteSparse
      make
      make library


3. E: Package 'libgoogle-glog-dev' has no installation candidate
    S1:   sudo vim /etc/apt/sources.list
       
          # add following code
          deb http://archive.ubuntu.com/ubuntu/ trusty main restricted universe multiverse 
          deb http://archive.ubuntu.com/ubuntu/ trusty-security main restricted universe multiverse 
          deb http://archive.ubuntu.com/ubuntu/ trusty-updates main restricted universe multiverse 
          deb http://archive.ubuntu.com/ubuntu/ trusty-proposed main restricted universe multiverse 
          deb http://archive.ubuntu.com/ubuntu/ trusty-backports main restricted universe multiverse
   
    S2:   sudo apt-get update && sudo apt-get upgrade -y && sudo apt-get dist-upgrade -y && sudo apt-get install libgoogle-glog-dev


4. when make suitesparse pkg
      P : error:/usr/local/cuda/lib64/libcublas.so: No such file or directory
      S : give the link from x86_64-linux-gnu/libcublas.so to cuda-10.1/lib64
      sudo ln -s /usr/lib/x86_64-linux-gnu/libcublas.so /usr/local/cuda-10.1/lib64/libcublas.so

5. when make suitesparse pkg
      P : error: gmp.h: No such file or directory
      S : install libgmp3-dev
      sudo apt install yum
      sudo apt-get install libgmp3-dev

6. when make suitesparse pkg
      P : error: mpfr.h: No such file or directory
      S : install reponsity
      sudo apt install libgmp-dev libmpfr-dev libmpc-dev

7. when make suitesparse pkg
      P : error: 'exclusive_scan' is not a member of 'std'
      S : upgrade g++ and gcc version more than 11

      sudo add-apt-repository ppa:ubuntu-toolchain-r/test
      sudo apt-get update
      sudo apt install gcc-11 g++-11
      sudo updatedb && sudo ldconfig
      locate gcc | grep -E "/usr/bin/gcc-"

      ## change the authority of gcc and g++
      sudo update-alternatives --remove-all gcc
      sudo update-alternatives --remove-all g++

      sudo update-alternatives --install /usr/bin/gcc gcc /usr/bin/gcc-7 1
      sudo update-alternatives --install /usr/bin/gcc gcc /usr/bin/gcc-11 10

      ## change g++ version, but when you catkin kalibr_workspace have problem
      ## recommand use g++ 7
      sudo update-alternatives --install /usr/bin/g++ g++ /usr/bin/g++-7 1
      sudo update-alternatives --install /usr/bin/g++ g++ /usr/bin/g++-11 10

      ## check the version of g++ and gcc
      gcc --version
      g++ --version

8. How to check Eigen version
      cat /usr/include/eigen3/Eigen/src/Core/util/Macros.h | grep VERSION

9. When catkin_make LaserCameraCal_ws
      P : error: expected unqualified-id before ‘,’ token
      S : 
      # uninstall ceres 
            sudo rm -r /usr/local/lib/cmake/Ceres
            sudo rm -rf /usr/local/include/ceres/usr/local/lib/libceres.a

10. E: collect2: error: ld returned 1 exit status
      examples/CMakeFiles/bicubic_interpolation.dir/build.make:119: recipe for target 'bin/bicubic_interpolation' failed
      make[2]: *** [bin/bicubic_interpolation] Error 1
      CMakeFiles/Makefile2:321: recipe for target 'examples/CMakeFiles/bicubic_interpolation.dir/all' failed
      make[1]: *** [examples/CMakeFiles/bicubic_interpolation.dir/all] Error 2
      Makefile:159: recipe for target 'all' failed
      make: *** [all] Error 2
   S: reunstall ubuntu

11. when catkin_make LaserCameraCal_ws
   E: CMake Error at /usr/local/lib/cmake/Ceres/FindSuiteSparse.cmake:115 (if):
      if given arguments:
      "CHOLMOD" "IN_LIST" "SuiteSparse_FIND_COMPONENTS"
      Unknown arguments specified

   S:      cd /usr/local/lib/cmake/Ceres
           sudo vim FindSuiteSparse.cmake

     ## add following code in line 115
      if(POLICY CMP0057)
            cmake_policy(SET CMP0057 NEW)
      endif()

      ## cmake again

12. when catkin build kalibr_workspace 
    P : catkin:command not found
    S : sudo apt-get install ros-melodic-catkin python-catkin-tools 


13. when catkin build kalibr_workspace have error in process
      S :
      ## install dependency package
      sudo apt-get install python-setuptools python-rosinstall ipython libeigen3-dev libboost-all-dev doxygen libopencv-dev ros-melodic-vision-opencv ros-melodic-image-transport-plugins ros-melodic-cmake-modules software-properties-common software-properties-common libpoco-dev python-matplotlib python-scipy python-git python-pip ipython libtbb-dev libblas-dev liblapack-dev python-catkin-tools libv4l-dev
      sudo apt-get update
      sudo apt-get upgrade
      ## rebuild a new workspace 
      mkdir -p ~/kalibr_workspace/src
      cd ~/kalibr_workspace
      source /opt/ros/melodic/setup.bash
      catkin init
      catkin config --extend /opt/ros/melodic
      catkin config --merge-devel
      cd ~/kalibr_workspace/src
      git clone https://github.com/ethz-asl/Kalibr.git
      cd ~/kalibr_workspace
      catkin build -DCMAKE_BUILD_TYPE=Release -j4

14. when catkin build kalibr_workspace have CMake version error
      P : error: ISO C++17 does not allow dynamic exception specifications
      S : g++ verison is not allow verison 11
      sudo update-alternatives --remove-all g++
      sudo update-alternatives --install /usr/bin/g++ g++ /usr/bin/g++-7 1

15. when use kalibr_create_target_pdf to make Aprilgrid
      P : No module named pyx
      S : install pyx
      pip install pyx
      or 
      pip install PyX==0.12

16. when use kalibr_create_target_pdf make an apriltag
      P : IOError: [Errno 32] Broken pipe
      S : install python-pyx instead of pyx
      sudo apt install python-pyx
      
17. when rosrun kalibr_calibrate_cameras
      E : No module named igraph
      S : install igraph first and install python-igraph
      sudo apt-get install -y libigraph0-dev
      sudo apt-get install python-igraph

# 13. when using kalibr_calibrate_cameras to calibrate camera
#       P : ImportError: No module named igraph
#       S : install igraph and jgraph

#       pip install igraph
#       pip install jgraph

18. when install python-igraph
      P : Command "python setup.py egg_info" failed with error code 1 in /tmp/pip-build-V4LfIk/python-igraph/
      S : update gcloud
      pip3 install --upgrade gcloud
      pip3 install --upgrade setuptools

19. when install python-igraph
      P : Command "/usr/bin/python -u -c "import setuptools, tokenize;__file__='/tmp/pip-build-qqqg6_66/igraph/setup.py';f=getattr(tokenize, 'open', open)(__file__);code=f.read().replace('\r\n', '\n');f.close();exec(compile(code, __file__, 'exec'))" install --record /tmp/pip-o4x8dl1d-record/install-record.txt --single-version-externally-managed --compile --user --prefix=" failed with error code 1 in /tmp/pip-build-qqqg6_66/igraph/
      S : update setuptools and CMake(higher than 3.16)
      sudo python -m pip install --upgrade --force pip 
      sudo pip install setuptools==33.1.1
      
20.  when include #include <pcl_ros/point_cloud.h>
      P : fatal error: pcl/point_cloud.h: No such file or directory
      S : install pcl
      sudo apt-get install libpcl-dev 

      ## open CMakeLists.txt and add following dependends

      find_package(
            pcl_ros
            pcl_conversions
      )

      catkin_package(
      CATKIN_DEPENDS roscpp
                   pcl_conversions
                   pcl_ros
      )

      ## open package.xml and add following dependends
      <build_depend>libpcl-all-dev</build_depend>
      <build_depend>pcl_ros</build_depend>
      <build_depend>pcl_conversions</build_depend>
      <exec_depend>libpcl-all</exec_depend>
      <exec_depend>pcl_conversions</exec_depend>
      <exec_depend>pcl_ros</exec_depend>